[debug] [2018-10-30T00:54:26.117Z] ----------------------------------------------------------------------
[debug] [2018-10-30T00:54:26.122Z] Command:       C:\Program Files\nodejs\node.exe C:\Users\Administrator\AppData\Roaming\npm\node_modules\firebase-tools\bin\firebase serve
[debug] [2018-10-30T00:54:26.122Z] CLI Version:   5.1.1
[debug] [2018-10-30T00:54:26.122Z] Platform:      win32
[debug] [2018-10-30T00:54:26.122Z] Node Version:  v8.12.0
[debug] [2018-10-30T00:54:26.123Z] Time:          Tue Oct 30 2018 09:54:26 GMT+0900 (대한민국 표준시)
[debug] [2018-10-30T00:54:26.123Z] ----------------------------------------------------------------------
[debug] 
[debug] [2018-10-30T00:54:26.165Z] > command requires scopes: ["email","openid","https://www.googleapis.com/auth/cloudplatformprojects.readonly","https://www.googleapis.com/auth/firebase","https://www.googleapis.com/auth/cloud-platform"]
[debug] [2018-10-30T00:54:26.166Z] > authorizing via signed-in user
[debug] [2018-10-30T00:54:26.166Z] [iam] checking project juuuuunii-js1 for permissions ["firebase.projects.get"]
[debug] [2018-10-30T00:54:26.169Z] > refreshing access token with scopes: ["email","https://www.googleapis.com/auth/cloud-platform","https://www.googleapis.com/auth/cloudplatformprojects.readonly","https://www.googleapis.com/auth/firebase","openid"]
[debug] [2018-10-30T00:54:26.170Z] >>> HTTP REQUEST POST https://www.googleapis.com/oauth2/v3/token  
 <request body omitted>
[debug] [2018-10-30T00:54:26.541Z] <<< HTTP RESPONSE 200
[debug] [2018-10-30T00:54:26.547Z] >>> HTTP REQUEST POST https://cloudresourcemanager.googleapis.com/v1/projects/juuuuunii-js1:testIamPermissions  

[debug] [2018-10-30T00:54:27.753Z] <<< HTTP RESPONSE 200
[debug] [2018-10-30T00:54:27.757Z] >>> HTTP REQUEST GET https://cloudresourcemanager.googleapis.com/v1/projects/juuuuunii-js1  
 
[debug] [2018-10-30T00:54:28.908Z] <<< HTTP RESPONSE 200
[info] 
[info] === Serving from 'D:\fbroot\js1'...
[info] 
[debug] [2018-10-30T00:54:28.921Z] >>> HTTP REQUEST GET https://mobilesdk-pa.googleapis.com/v1/projects/1007972101261/clients/_:getWebAppConfig  
 
[debug] [2018-10-30T00:54:29.905Z] <<< HTTP RESPONSE 200
[info] i  hosting: Serving hosting files from: public
[info] +  hosting: Local server: http://localhost:5000
[debug] [2018-11-22T01:02:48.380Z] ----------------------------------------------------------------------
[debug] [2018-11-22T01:02:48.398Z] Command:       C:\Program Files\nodejs\node.exe C:\Users\Administrator\AppData\Roaming\npm\node_modules\firebase-tools\lib\bin\firebase.js serve
[debug] [2018-11-22T01:02:48.399Z] CLI Version:   6.0.1
[debug] [2018-11-22T01:02:48.399Z] Platform:      win32
[debug] [2018-11-22T01:02:48.400Z] Node Version:  v8.12.0
[debug] [2018-11-22T01:02:48.402Z] Time:          Thu Nov 22 2018 10:02:48 GMT+0900 (대한민국 표준시)
[debug] [2018-11-22T01:02:48.403Z] ----------------------------------------------------------------------
[debug] 
[debug] [2018-11-22T01:02:48.492Z] > command requires scopes: ["email","openid","https://www.googleapis.com/auth/cloudplatformprojects.readonly","https://www.googleapis.com/auth/firebase","https://www.googleapis.com/auth/cloud-platform"]
[debug] [2018-11-22T01:02:48.493Z] > authorizing via signed-in user
[debug] [2018-11-22T01:02:48.494Z] [iam] checking project juuuuunii-js1 for permissions ["firebase.projects.get"]
[debug] [2018-11-22T01:02:48.500Z] > refreshing access token with scopes: ["email","https://www.googleapis.com/auth/cloud-platform","https://www.googleapis.com/auth/cloudplatformprojects.readonly","https://www.googleapis.com/auth/firebase","openid"]
[debug] [2018-11-22T01:02:48.502Z] >>> HTTP REQUEST POST https://www.googleapis.com/oauth2/v3/token  
 <request body omitted>
[debug] [2018-11-22T01:02:48.965Z] <<< HTTP RESPONSE 200
[debug] [2018-11-22T01:02:48.979Z] >>> HTTP REQUEST POST https://cloudresourcemanager.googleapis.com/v1/projects/juuuuunii-js1:testIamPermissions  

[debug] [2018-11-22T01:02:50.236Z] <<< HTTP RESPONSE 200
[debug] [2018-11-22T01:02:50.236Z] >>> HTTP REQUEST GET https://cloudresourcemanager.googleapis.com/v1/projects/juuuuunii-js1  
 
[debug] [2018-11-22T01:02:51.420Z] <<< HTTP RESPONSE 200
[info] 
[info] === Serving from 'D:\fbroot\js1'...
[info] 
[debug] [2018-11-22T01:02:51.420Z] >>> HTTP REQUEST GET https://mobilesdk-pa.googleapis.com/v1/projects/1007972101261/clients/_:getWebAppConfig  
 
[debug] [2018-11-22T01:02:52.081Z] <<< HTTP RESPONSE 200
[info] i  hosting: Serving hosting files from: public
[info] +  hosting: Local server: http://localhost:5000
