[debug] [2018-10-04T04:13:56.744Z] ----------------------------------------------------------------------
[debug] [2018-10-04T04:13:56.752Z] Command:       C:\Program Files\nodejs\node.exe C:\Users\Administrator\AppData\Roaming\npm\node_modules\firebase-tools\bin\firebase serve
[debug] [2018-10-04T04:13:56.753Z] CLI Version:   4.2.1
[debug] [2018-10-04T04:13:56.753Z] Platform:      win32
[debug] [2018-10-04T04:13:56.753Z] Node Version:  v8.12.0
[debug] [2018-10-04T04:13:56.755Z] Time:          Thu Oct 04 2018 13:13:56 GMT+0900 (대한민국 표준시)
[debug] [2018-10-04T04:13:56.755Z] ----------------------------------------------------------------------
[debug] 
[debug] [2018-10-04T04:13:56.796Z] > command requires scopes: ["email","openid","https://www.googleapis.com/auth/cloudplatformprojects.readonly","https://www.googleapis.com/auth/firebase","https://www.googleapis.com/auth/cloud-platform"]
[debug] [2018-10-04T04:13:56.798Z] > authorizing via signed-in user
[debug] [2018-10-04T04:13:56.807Z] > refreshing access token with scopes: ["email","https://www.googleapis.com/auth/cloud-platform","https://www.googleapis.com/auth/cloudplatformprojects.readonly","https://www.googleapis.com/auth/firebase","openid"]
[debug] [2018-10-04T04:13:56.808Z] >>> HTTP REQUEST POST https://www.googleapis.com/oauth2/v3/token  

[debug] [2018-10-04T04:13:57.409Z] <<< HTTP RESPONSE 200
[debug] [2018-10-04T04:13:57.423Z] >>> HTTP REQUEST GET https://admin.firebase.com/v1/projects/juuuuunii-js1  
 
[debug] [2018-10-04T04:13:58.544Z] <<< HTTP RESPONSE 200
[debug] [2018-10-04T04:13:58.547Z] >>> HTTP REQUEST GET https://cloudresourcemanager.googleapis.com/v1/projects/juuuuunii-js1  
 
[debug] [2018-10-04T04:13:59.804Z] <<< HTTP RESPONSE 200
[info] 
[info] === Serving from 'D:\fbroot\js1'...
[info] 
[debug] [2018-10-04T04:13:59.811Z] >>> HTTP REQUEST GET https://mobilesdk-pa.googleapis.com/v1/projects/1007972101261/clients/_:getWebAppConfig  
 
[debug] [2018-10-04T04:14:00.971Z] <<< HTTP RESPONSE 200
[warn] !  hosting: Port 5000 is not available. Trying another port...
[info] i  hosting[juuuuunii-js1]: Serving hosting files from: public
[info] +  hosting[juuuuunii-js1]: Local server: http://localhost:5005
